<?xml version="1.0" encoding="UTF-8"?>
<!-- Generated by org.testng.reporters.JUnitXMLReporter -->
<testsuite hostname="Home" ignored="5" name="my automation practice test chrome" tests="1" failures="0" timestamp="2021-08-23T12:54:54 CDT" time="16.664" errors="0">
  <testcase name="verifyDressesTab" time="1.643" classname="com.myTests.HomePageTest"/>
  <testcase name="verifyLoginPagetitleTest" time="0.0" classname="com.myTests.LoginPageTest">
    <ignored/>
  </testcase> <!-- verifyLoginPagetitleTest -->
  <testcase name="verifryLoginTest" time="0.0" classname="com.myTests.LoginPageTest">
    <ignored/>
  </testcase> <!-- verifryLoginTest -->
  <testcase name="verifyLoginPageHeaderTest" time="0.0" classname="com.myTests.LoginPageTest">
    <ignored/>
  </testcase> <!-- verifyLoginPageHeaderTest -->
  <testcase name="verifyHomePageTitle" time="0.0" classname="com.myTests.HomePageTest">
    <ignored/>
  </testcase> <!-- verifyHomePageTitle -->
  <testcase name="verifyHomePageheader" time="0.0" classname="com.myTests.HomePageTest">
    <ignored/>
  </testcase> <!-- verifyHomePageheader -->
</testsuite> <!-- my automation practice test chrome -->
